2014/02/28 12:55:18 [error] [exception.CHttpException.404] exception 'CHttpException' with message 'Unable to resolve the request "gii".' in /var/www/yii/framework/web/CWebApplication.php:286
Stack trace:
#0 /var/www/yii/framework/web/CWebApplication.php(141): CWebApplication->runController('gii')
#1 /var/www/yii/framework/base/CApplication.php(180): CWebApplication->processRequest()
#2 /var/www/holaMundo/index.php(13): CApplication->run()
#3 {main}
REQUEST_URI=/holaMundo/index.php?r=gii
---
2014/02/28 12:57:50 [error] [exception.CDbException] exception 'CDbException' with message 'CDbConnection failed to open the DB connection: could not find driver' in /var/www/yii/framework/db/CDbConnection.php:382
Stack trace:
#0 /var/www/yii/framework/db/CDbConnection.php(330): CDbConnection->open()
#1 /var/www/yii/framework/db/CDbConnection.php(308): CDbConnection->setActive(true)
#2 /var/www/yii/framework/base/CModule.php(387): CDbConnection->init()
#3 /var/www/yii/framework/base/CModule.php(103): CModule->getComponent('db')
#4 /var/www/yii/framework/gii/generators/crud/CrudCode.php(44): CModule->__get('db')
#5 /var/www/yii/framework/web/CFormModel.php(39): CrudCode->init()
#6 /var/www/yii/framework/gii/CCodeGenerator.php(153): CFormModel->__construct()
#7 /var/www/yii/framework/gii/CCodeGenerator.php(63): CCodeGenerator->prepare()
#8 /var/www/yii/framework/web/actions/CInlineAction.php(49): CCodeGenerator->actionIndex()
#9 /var/www/yii/framework/web/CController.php(308): CInlineAction->runWithParams(Array)
#10 /var/www/yii/framework/web/CController.php(286): CController->runAction(Object(CInlineAction))
#11 /var/www/yii/framework/web/CController.php(265): CController->runActionWithFilters(Object(CInlineAction), Array)
#12 /var/www/yii/framework/web/CWebApplication.php(282): CController->run('index')
#13 /var/www/yii/framework/web/CWebApplication.php(141): CWebApplication->runController('gii/crud/index')
#14 /var/www/yii/framework/base/CApplication.php(180): CWebApplication->processRequest()
#15 /var/www/holaMundo/index.php(13): CApplication->run()
#16 {main}
REQUEST_URI=/holaMundo/index.php?r=gii/crud/index
HTTP_REFERER=http://127.0.0.1/holaMundo/index.php?r=gii/default/index
---
2014/03/06 10:20:30 [error] [exception.CException] exception 'CException' with message 'Property "CWebUser.bootstrap" is not defined.' in /var/www/yii/framework/base/CComponent.php:173
Stack trace:
#0 /var/www/yii/framework/web/auth/CWebUser.php(160): CComponent->__set('bootstrap', Array)
#1 /var/www/yii/framework/YiiBase.php(220): CWebUser->__set('bootstrap', Array)
#2 /var/www/yii/framework/base/CModule.php(386): YiiBase::createComponent(Array)
#3 /var/www/yii/framework/base/CModule.php(103): CModule->getComponent('user')
#4 /var/www/holaMundo/protected/views/layouts/main.php(35): CModule->__get('user')
#5 /var/www/yii/framework/web/CBaseController.php(126): require('/var/www/holaMu...')
#6 /var/www/yii/framework/web/CBaseController.php(95): CBaseController->renderInternal('/var/www/holaMu...', Array, true)
#7 /var/www/yii/framework/web/widgets/CContentDecorator.php(76): CBaseController->renderFile('/var/www/holaMu...', Array, true)
#8 /var/www/yii/framework/web/widgets/CContentDecorator.php(54): CContentDecorator->decorate('<div id="conten...')
#9 /var/www/yii/framework/web/widgets/COutputProcessor.php(44): CContentDecorator->processOutput('<div id="conten...')
#10 /var/www/yii/framework/web/CBaseController.php(206): COutputProcessor->run()
#11 /var/www/yii/framework/web/CBaseController.php(300): CBaseController->endWidget('CContentDecorat...')
#12 /var/www/holaMundo/protected/views/layouts/column1.php(6): CBaseController->endContent()
#13 /var/www/yii/framework/web/CBaseController.php(126): require('/var/www/holaMu...')
#14 /var/www/yii/framework/web/CBaseController.php(95): CBaseController->renderInternal('/var/www/holaMu...', Array, true)
#15 /var/www/yii/framework/web/CController.php(784): CBaseController->renderFile('/var/www/holaMu...', Array, true)
#16 /var/www/holaMundo/protected/controllers/SiteController.php(32): CController->render('index')
#17 /var/www/yii/framework/web/actions/CInlineAction.php(49): SiteController->actionIndex()
#18 /var/www/yii/framework/web/CController.php(308): CInlineAction->runWithParams(Array)
#19 /var/www/yii/framework/web/CController.php(286): CController->runAction(Object(CInlineAction))
#20 /var/www/yii/framework/web/CController.php(265): CController->runActionWithFilters(Object(CInlineAction), Array)
#21 /var/www/yii/framework/web/CWebApplication.php(282): CController->run('index')
#22 /var/www/yii/framework/web/CWebApplication.php(141): CWebApplication->runController('site/index')
#23 /var/www/yii/framework/base/CApplication.php(180): CWebApplication->processRequest()
#24 /var/www/holaMundo/index.php(13): CApplication->run()
#25 {main}
REQUEST_URI=/holaMundo/index.php?r=site/index
---
2014/03/06 10:21:48 [error] [exception.CException] exception 'CException' with message 'Alias "ext.bootstrap.components.Bootstrap" is invalid. Make sure it points to an existing PHP file and the file is readable.' in /var/www/yii/framework/YiiBase.php:322
Stack trace:
#0 /var/www/yii/framework/YiiBase.php(196): YiiBase::import('ext.bootstrap.c...', true)
#1 /var/www/yii/framework/base/CModule.php(386): YiiBase::createComponent(Array)
#2 /var/www/yii/framework/base/CModule.php(523): CModule->getComponent('bootstrap')
#3 /var/www/yii/framework/base/CApplication.php(163): CModule->preloadComponents()
#4 /var/www/yii/framework/YiiBase.php(125): CApplication->__construct('/var/www/holaMu...')
#5 /var/www/yii/framework/YiiBase.php(98): YiiBase::createApplication('CWebApplication', '/var/www/holaMu...')
#6 /var/www/holaMundo/index.php(13): YiiBase::createWebApplication('/var/www/holaMu...')
#7 {main}
REQUEST_URI=/holaMundo/index.php?r=site/index
---
